Build started 2/26/2013 9:36:56 PM.
     1>Project "E:\Visual Studio Projects\DisqueEngine\CMathLib\CMathLib.vcxproj" on node 2 (build target(s)).
     1>InitializeBuildStatus:
         Touching "Debug\CMathLib.unsuccessfulbuild".
       GenerateTargetFrameworkMonikerAttribute:
       Skipping target "GenerateTargetFrameworkMonikerAttribute" because all output files are up-to-date with respect to the input files.
       ClCompile:
         All outputs are up-to-date.
         C:\Program Files\Microsoft Visual Studio 10.0\VC\bin\CL.exe /c /AI"C:\Program Files\Reference Assemblies\Microsoft\Framework\.NETFramework\v4.0" /Zi /clr /nologo /W3 /WX- /Od /Oy- /D WIN32 /D _DEBUG /D _WINDLL /D _UNICODE /D UNICODE /EHa /MDd /GS /fp:precise /Zc:wchar_t /Zc:forScope /Yu"StdAfx.h" /Fp"Debug\CMathLib.pch" /Fo"Debug\\" /Fd"Debug\vc100.pdb" /TP /FU"C:\Program Files\Reference Assemblies\Microsoft\Framework\.NETFramework\v4.0\System.Core.dll" /FU"C:\Program Files\Reference Assemblies\Microsoft\Framework\.NETFramework\v4.0\System.Data.dll" /FU"C:\Program Files\Reference Assemblies\Microsoft\Framework\.NETFramework\v4.0\System.dll" /FU"C:\Program Files\Reference Assemblies\Microsoft\Framework\.NETFramework\v4.0\System.Xml.dll" /analyze- /errorReport:prompt Vector3.cpp /clr:nostdlib 
         Vector3.cpp
         All outputs are up-to-date.
       ResourceCompile:
         All outputs are up-to-date.
       Link:
         C:\Program Files\Microsoft Visual Studio 10.0\VC\bin\link.exe /ERRORREPORT:PROMPT /OUT:"E:\Visual Studio Projects\DisqueEngine\Debug\CMathLib.dll" /INCREMENTAL /NOLOGO /MANIFEST /ManifestFile:"Debug\CMathLib.dll.intermediate.manifest" /MANIFESTUAC:"level='asInvoker' uiAccess='false'" /DEBUG /PDB:"E:\Visual Studio Projects\DisqueEngine\Debug\CMathLib.pdb" /ASSEMBLYDEBUG /TLBID:1 /DYNAMICBASE /FIXED:NO /NXCOMPAT /MACHINE:X86 /DLL Debug\app.res
         Debug\AssemblyInfo.obj
         Debug\Stdafx.obj
         Debug\Vector3.obj
         "Debug\.NETFramework,Version=v4.0.AssemblyAttributes.obj"
         CMathLib.vcxproj -> E:\Visual Studio Projects\DisqueEngine\Debug\CMathLib.dll
       Manifest:
         C:\Program Files\Microsoft SDKs\Windows\v7.0A\bin\mt.exe /nologo /verbose /outputresource:"E:\Visual Studio Projects\DisqueEngine\Debug\CMathLib.dll;#2" /manifest Debug\CMathLib.dll.intermediate.manifest
       FinalizeBuildStatus:
         Deleting file "Debug\CMathLib.unsuccessfulbuild".
         Touching "Debug\CMathLib.lastbuildstate".
     1>Done Building Project "E:\Visual Studio Projects\DisqueEngine\CMathLib\CMathLib.vcxproj" (build target(s)).

Build succeeded.

Time Elapsed 00:00:03.16
